# JRE version: OpenJDK Runtime Environment Temurin-17.0.18+8 (17.0.18+8) (build 17.0.18+8)
# Java VM: OpenJDK 64-Bit Server VM Temurin-17.0.18+8 (17.0.18+8, mixed mode, sharing, tiered, compressed oops, compressed class ptrs, g1 gc, linux-amd64)
GC Precious Log:
 CPUs: 4 total, 4 available
 Memory: 15993M
 Large Page Support: Disabled
 NUMA Support: Disabled
 Compressed Oops: Enabled (Zero based)
 Heap Region Size: 2M
 Heap Min Capacity: 8M
 Heap Initial Capacity: 250M
 Heap Max Capacity: 4000M
 Pre-touch: Disabled
 Parallel Workers: 4
 Concurrent Workers: 1
 Concurrent Refinement Workers: 4
 Periodic GC: Disabled
Heap:
 garbage-first heap   total 51200K, used 24782K [0x0000000706000000, 0x0000000800000000)
  region size 2048K, 6 young (12288K), 2 survivors (4096K)
 Metaspace       used 31168K, committed 31552K, reserved 1114112K
  class space    used 3210K, committed 3392K, reserved 1048576K
GC Heap History (12 events):
Event: 3.552 GC heap before
{Heap before GC invocations=0 (full 0):
 garbage-first heap   total 260096K, used 16308K [0x0000000706000000, 0x0000000800000000)
  region size 2048K, 6 young (12288K), 0 survivors (0K)
 Metaspace       used 7150K, committed 7360K, reserved 1114112K
  class space    used 559K, committed 640K, reserved 1048576K
}
Event: 3.555 GC heap after
{Heap after GC invocations=1 (full 0):
 garbage-first heap   total 260096K, used 5454K [0x0000000706000000, 0x0000000800000000)
  region size 2048K, 1 young (2048K), 1 survivors (2048K)
 Metaspace       used 7150K, committed 7360K, reserved 1114112K
  class space    used 559K, committed 640K, reserved 1048576K
}
Event: 11.419 GC heap before
{Heap before GC invocations=1 (full 0):
 garbage-first heap   total 260096K, used 32078K [0x0000000706000000, 0x0000000800000000)
  region size 2048K, 14 young (28672K), 1 survivors (2048K)
 Metaspace       used 15585K, committed 15808K, reserved 1114112K
  class space    used 1455K, committed 1600K, reserved 1048576K
}
Event: 11.421 GC heap after
{Heap after GC invocations=2 (full 0):
 garbage-first heap   total 260096K, used 6948K [0x0000000706000000, 0x0000000800000000)
  region size 2048K, 2 young (4096K), 2 survivors (4096K)
 Metaspace       used 15585K, committed 15808K, reserved 1114112K
  class space    used 1455K, committed 1600K, reserved 1048576K
}
Event: 11.866 GC heap before
{Heap before GC invocations=2 (full 0):
 garbage-first heap   total 260096K, used 31524K [0x0000000706000000, 0x0000000800000000)
  region size 2048K, 15 young (30720K), 2 survivors (4096K)
 Metaspace       used 21242K, committed 21504K, reserved 1114112K
  class space    used 2176K, committed 2304K, reserved 1048576K
}
Event: 11.870 GC heap after
{Heap after GC invocations=3 (full 0):
 garbage-first heap   total 260096K, used 9756K [0x0000000706000000, 0x0000000800000000)
  region size 2048K, 3 young (6144K), 3 survivors (6144K)
 Metaspace       used 21242K, committed 21504K, reserved 1114112K
  class space    used 2176K, committed 2304K, reserved 1048576K
}
Event: 12.693 GC heap before
{Heap before GC invocations=4 (full 0):
 garbage-first heap   total 49152K, used 36380K [0x0000000706000000, 0x0000000800000000)
  region size 2048K, 17 young (34816K), 3 survivors (6144K)
 Metaspace       used 26354K, committed 26624K, reserved 1114112K
  class space    used 2710K, committed 2816K, reserved 1048576K
}
Event: 12.699 GC heap after
{Heap after GC invocations=5 (full 0):
 garbage-first heap   total 51200K, used 14001K [0x0000000706000000, 0x0000000800000000)
  region size 2048K, 5 young (10240K), 5 survivors (10240K)
 Metaspace       used 26354K, committed 26624K, reserved 1114112K
  class space    used 2710K, committed 2816K, reserved 1048576K
}
Event: 13.720 GC heap before
{Heap before GC invocations=5 (full 0):
 garbage-first heap   total 51200K, used 30385K [0x0000000706000000, 0x0000000800000000)
  region size 2048K, 14 young (28672K), 5 survivors (10240K)
 Metaspace       used 29424K, committed 29760K, reserved 1114112K
  class space    used 3019K, committed 3200K, reserved 1048576K
}
Event: 13.728 GC heap after
{Heap after GC invocations=6 (full 0):
 garbage-first heap   total 51200K, used 17250K [0x0000000706000000, 0x0000000800000000)
  region size 2048K, 2 young (4096K), 2 survivors (4096K)
 Metaspace       used 29424K, committed 29760K, reserved 1114112K
  class space    used 3019K, committed 3200K, reserved 1048576K
}
Event: 13.881 GC heap before
{Heap before GC invocations=6 (full 0):
 garbage-first heap   total 51200K, used 31586K [0x0000000706000000, 0x0000000800000000)
  region size 2048K, 10 young (20480K), 2 survivors (4096K)
 Metaspace       used 30233K, committed 30592K, reserved 1114112K
  class space    used 3129K, committed 3328K, reserved 1048576K
}
Event: 13.887 GC heap after
{Heap after GC invocations=7 (full 0):
 garbage-first heap   total 51200K, used 20686K [0x0000000706000000, 0x0000000800000000)
  region size 2048K, 2 young (4096K), 2 survivors (4096K)
 Metaspace       used 30233K, committed 30592K, reserved 1114112K
  class space    used 3129K, committed 3328K, reserved 1048576K
}

